<?xml version="1.0" encoding="UTF-8"?>
<!-- Generated by org.testng.reporters.JUnitXMLReporter -->
<testsuite ignored="0" hostname="nirav-Inspiron-3558" failures="0" tests="1" name="Test" time="99.023" errors="0" timestamp="2021-07-30T15:49:13 IST">
  <testcase classname="basetest.BaseTest" name="@BeforeClass setUp" time="94.055">
    <failure type="org.openqa.selenium.WebDriverException" message="unknown error: DevToolsActivePort file doesn&amp;apos;t exist
Build info: version: &amp;apos;3.141.59&amp;apos;, revision: &amp;apos;e82be7d358&amp;apos;, time: &amp;apos;2018-11-14T08:17:03&amp;apos;
System info: host: &amp;apos;nirav-Inspiron-3558&amp;apos;, ip: &amp;apos;127.0.1.1&amp;apos;, os.name: &amp;apos;Linux&amp;apos;, os.arch: &amp;apos;amd64&amp;apos;, os.version: &amp;apos;5.8.0-63-generic&amp;apos;, java.version: &amp;apos;15.0.2&amp;apos;
Driver info: driver.version: ChromeDriver
remote stacktrace: #0 0x55abb5b08a63 &amp;lt;unknown&amp;gt;
#1 0x55abb587d458 &amp;lt;unknown&amp;gt;
#2 0x55abb58a2f22 &amp;lt;unknown&amp;gt;
#3 0x55abb589f4e6 &amp;lt;unknown&amp;gt;
#4 0x55abb589be9f &amp;lt;unknown&amp;gt;
#5 0x55abb58d5b72 &amp;lt;unknown&amp;gt;
#6 0x55abb58cffd3 &amp;lt;unknown&amp;gt;
#7 0x55abb58a6514 &amp;lt;unknown&amp;gt;
#8 0x55abb58a7505 &amp;lt;unknown&amp;gt;
#9 0x55abb5b34e2e &amp;lt;unknown&amp;gt;
#10 0x55abb5b4a886 &amp;lt;unknown&amp;gt;
#11 0x55abb5b35d75 &amp;lt;unknown&amp;gt;
#12 0x55abb5b4bd94 &amp;lt;unknown&amp;gt;
#13 0x55abb5b2c8eb &amp;lt;unknown&amp;gt;
#14 0x55abb5b66cd8 &amp;lt;unknown&amp;gt;
#15 0x55abb5b66e58 &amp;lt;unknown&amp;gt;
#16 0x55abb5b80dfd &amp;lt;unknown&amp;gt;
#17 0x7f47ff376609 start_thread
">
      <![CDATA[org.openqa.selenium.WebDriverException: unknown error: DevToolsActivePort file doesn't exist
Build info: version: '3.141.59', revision: 'e82be7d358', time: '2018-11-14T08:17:03'
System info: host: 'nirav-Inspiron-3558', ip: '127.0.1.1', os.name: 'Linux', os.arch: 'amd64', os.version: '5.8.0-63-generic', java.version: '15.0.2'
Driver info: driver.version: ChromeDriver
remote stacktrace: #0 0x55abb5b08a63 <unknown>
#1 0x55abb587d458 <unknown>
#2 0x55abb58a2f22 <unknown>
#3 0x55abb589f4e6 <unknown>
#4 0x55abb589be9f <unknown>
#5 0x55abb58d5b72 <unknown>
#6 0x55abb58cffd3 <unknown>
#7 0x55abb58a6514 <unknown>
#8 0x55abb58a7505 <unknown>
#9 0x55abb5b34e2e <unknown>
#10 0x55abb5b4a886 <unknown>
#11 0x55abb5b35d75 <unknown>
#12 0x55abb5b4bd94 <unknown>
#13 0x55abb5b2c8eb <unknown>
#14 0x55abb5b66cd8 <unknown>
#15 0x55abb5b66e58 <unknown>
#16 0x55abb5b80dfd <unknown>
#17 0x7f47ff376609 start_thread

at org.openqa.selenium.remote.W3CHandshakeResponse.lambda$errorHandler$0(W3CHandshakeResponse.java:62)
at org.openqa.selenium.remote.HandshakeResponse.lambda$getResponseFunction$0(HandshakeResponse.java:30)
at org.openqa.selenium.remote.ProtocolHandshake.lambda$createSession$0(ProtocolHandshake.java:126)
at java.base/java.util.stream.ReferencePipeline$3$1.accept(ReferencePipeline.java:195)
at java.base/java.util.Spliterators$ArraySpliterator.tryAdvance(Spliterators.java:958)
at java.base/java.util.stream.ReferencePipeline.forEachWithCancel(ReferencePipeline.java:127)
at java.base/java.util.stream.AbstractPipeline.copyIntoWithCancel(AbstractPipeline.java:502)
at java.base/java.util.stream.AbstractPipeline.copyInto(AbstractPipeline.java:488)
at java.base/java.util.stream.AbstractPipeline.wrapAndCopyInto(AbstractPipeline.java:474)
at java.base/java.util.stream.FindOps$FindOp.evaluateSequential(FindOps.java:150)
at java.base/java.util.stream.AbstractPipeline.evaluate(AbstractPipeline.java:234)
at java.base/java.util.stream.ReferencePipeline.findFirst(ReferencePipeline.java:543)
at org.openqa.selenium.remote.ProtocolHandshake.createSession(ProtocolHandshake.java:128)
at org.openqa.selenium.remote.ProtocolHandshake.createSession(ProtocolHandshake.java:74)
at org.openqa.selenium.remote.HttpCommandExecutor.execute(HttpCommandExecutor.java:136)
at org.openqa.selenium.remote.service.DriverCommandExecutor.execute(DriverCommandExecutor.java:83)
at org.openqa.selenium.remote.RemoteWebDriver.execute(RemoteWebDriver.java:552)
at org.openqa.selenium.remote.RemoteWebDriver.startSession(RemoteWebDriver.java:213)
at org.openqa.selenium.remote.RemoteWebDriver.<init>(RemoteWebDriver.java:131)
at org.openqa.selenium.chrome.ChromeDriver.<init>(ChromeDriver.java:181)
at org.openqa.selenium.chrome.ChromeDriver.<init>(ChromeDriver.java:168)
at org.openqa.selenium.chrome.ChromeDriver.<init>(ChromeDriver.java:123)
at basetest.BaseTest.setUp(BaseTest.java:57)
at java.base/java.util.concurrent.ThreadPoolExecutor.runWorker(ThreadPoolExecutor.java:1130)
at java.base/java.util.concurrent.ThreadPoolExecutor$Worker.run(ThreadPoolExecutor.java:630)
at java.base/java.lang.Thread.run(Thread.java:832)
... Removed 15 stack frames]]>
    </failure>
  </testcase> <!-- @BeforeClass setUp -->
  <testcase classname="basetest.BaseTest" name="@BeforeMethod goHome" time="-1.627640346215E9">
    <skipped/>
  </testcase> <!-- @BeforeMethod goHome -->
  <testcase classname="basetest.BaseTest" name="@AfterMethod onTestFailure" time="-1.627640346366E9">
    <skipped/>
  </testcase> <!-- @AfterMethod onTestFailure -->
  <testcase classname="basetest.BaseTest" name="@AfterClass tearDown" time="-1.627640346603E9">
    <skipped/>
  </testcase> <!-- @AfterClass tearDown -->
  <testcase classname="multiplewindow.MultipleWindowTest" name="testMultipleWindow on [MultipleWindowTest passed=0 failed=0 skipped=0]" time="0.0">
    <skipped/>
  </testcase> <!-- testMultipleWindow on [MultipleWindowTest passed=0 failed=0 skipped=0] -->
</testsuite> <!-- Test -->
