<?xml version="1.0" encoding="UTF-8"?>
<!-- Generated by org.testng.reporters.JUnitReportReporter -->
<testsuite hostname="nirav-Inspiron-3558" failures="0" tests="2" name="multiplewindow.MultipleWindowTest" time="94.055" errors="1" timestamp="2021-07-30T15:49:14 IST" skipped="1">
  <testcase classname="multiplewindow.MultipleWindowTest" name="setUp" time="94.055">
    <error message="unknown error: DevToolsActivePort file doesn&#039;t exist
Build info: version: &#039;3.141.59&#039;, revision: &#039;e82be7d358&#039;, time: &#039;2018-11-14T08:17:03&#039;
System info: host: &#039;nirav-Inspiron-3558&#039;, ip: &#039;127.0.1.1&#039;, os.name: &#039;Linux&#039;, os.arch: &#039;amd64&#039;, os.version: &#039;5.8.0-63-generic&#039;, java.version: &#039;15.0.2&#039;
Driver info: driver.version: ChromeDriver
remote stacktrace: #0 0x55abb5b08a63 &lt;unknown&gt;
#1 0x55abb587d458 &lt;unknown&gt;
#2 0x55abb58a2f22 &lt;unknown&gt;
#3 0x55abb589f4e6 &lt;unknown&gt;
#4 0x55abb589be9f &lt;unknown&gt;
#5 0x55abb58d5b72 &lt;unknown&gt;
#6 0x55abb58cffd3 &lt;unknown&gt;
#7 0x55abb58a6514 &lt;unknown&gt;
#8 0x55abb58a7505 &lt;unknown&gt;
#9 0x55abb5b34e2e &lt;unknown&gt;
#10 0x55abb5b4a886 &lt;unknown&gt;
#11 0x55abb5b35d75 &lt;unknown&gt;
#12 0x55abb5b4bd94 &lt;unknown&gt;
#13 0x55abb5b2c8eb &lt;unknown&gt;
#14 0x55abb5b66cd8 &lt;unknown&gt;
#15 0x55abb5b66e58 &lt;unknown&gt;
#16 0x55abb5b80dfd &lt;unknown&gt;
#17 0x7f47ff376609 start_thread
" type="org.openqa.selenium.WebDriverException">
      <![CDATA[org.openqa.selenium.WebDriverException: unknown error: DevToolsActivePort file doesn't exist
Build info: version: '3.141.59', revision: 'e82be7d358', time: '2018-11-14T08:17:03'
System info: host: 'nirav-Inspiron-3558', ip: '127.0.1.1', os.name: 'Linux', os.arch: 'amd64', os.version: '5.8.0-63-generic', java.version: '15.0.2'
Driver info: driver.version: ChromeDriver
remote stacktrace: #0 0x55abb5b08a63 <unknown>
#1 0x55abb587d458 <unknown>
#2 0x55abb58a2f22 <unknown>
#3 0x55abb589f4e6 <unknown>
#4 0x55abb589be9f <unknown>
#5 0x55abb58d5b72 <unknown>
#6 0x55abb58cffd3 <unknown>
#7 0x55abb58a6514 <unknown>
#8 0x55abb58a7505 <unknown>
#9 0x55abb5b34e2e <unknown>
#10 0x55abb5b4a886 <unknown>
#11 0x55abb5b35d75 <unknown>
#12 0x55abb5b4bd94 <unknown>
#13 0x55abb5b2c8eb <unknown>
#14 0x55abb5b66cd8 <unknown>
#15 0x55abb5b66e58 <unknown>
#16 0x55abb5b80dfd <unknown>
#17 0x7f47ff376609 start_thread

at java.base/jdk.internal.reflect.NativeConstructorAccessorImpl.newInstance0(Native Method)
at java.base/jdk.internal.reflect.NativeConstructorAccessorImpl.newInstance(NativeConstructorAccessorImpl.java:64)
at java.base/jdk.internal.reflect.DelegatingConstructorAccessorImpl.newInstance(DelegatingConstructorAccessorImpl.java:45)
at java.base/java.lang.reflect.Constructor.newInstanceWithCaller(Constructor.java:500)
at java.base/java.lang.reflect.Constructor.newInstance(Constructor.java:481)
at org.openqa.selenium.remote.W3CHandshakeResponse.lambda$errorHandler$0(W3CHandshakeResponse.java:62)
at org.openqa.selenium.remote.HandshakeResponse.lambda$getResponseFunction$0(HandshakeResponse.java:30)
at org.openqa.selenium.remote.ProtocolHandshake.lambda$createSession$0(ProtocolHandshake.java:126)
at java.base/java.util.stream.ReferencePipeline$3$1.accept(ReferencePipeline.java:195)
at java.base/java.util.Spliterators$ArraySpliterator.tryAdvance(Spliterators.java:958)
at java.base/java.util.stream.ReferencePipeline.forEachWithCancel(ReferencePipeline.java:127)
at java.base/java.util.stream.AbstractPipeline.copyIntoWithCancel(AbstractPipeline.java:502)
at java.base/java.util.stream.AbstractPipeline.copyInto(AbstractPipeline.java:488)
at java.base/java.util.stream.AbstractPipeline.wrapAndCopyInto(AbstractPipeline.java:474)
at java.base/java.util.stream.FindOps$FindOp.evaluateSequential(FindOps.java:150)
at java.base/java.util.stream.AbstractPipeline.evaluate(AbstractPipeline.java:234)
at java.base/java.util.stream.ReferencePipeline.findFirst(ReferencePipeline.java:543)
at org.openqa.selenium.remote.ProtocolHandshake.createSession(ProtocolHandshake.java:128)
at org.openqa.selenium.remote.ProtocolHandshake.createSession(ProtocolHandshake.java:74)
at org.openqa.selenium.remote.HttpCommandExecutor.execute(HttpCommandExecutor.java:136)
at org.openqa.selenium.remote.service.DriverCommandExecutor.execute(DriverCommandExecutor.java:83)
at org.openqa.selenium.remote.RemoteWebDriver.execute(RemoteWebDriver.java:552)
at org.openqa.selenium.remote.RemoteWebDriver.startSession(RemoteWebDriver.java:213)
at org.openqa.selenium.remote.RemoteWebDriver.<init>(RemoteWebDriver.java:131)
at org.openqa.selenium.chrome.ChromeDriver.<init>(ChromeDriver.java:181)
at org.openqa.selenium.chrome.ChromeDriver.<init>(ChromeDriver.java:168)
at org.openqa.selenium.chrome.ChromeDriver.<init>(ChromeDriver.java:123)
at basetest.BaseTest.setUp(BaseTest.java:57)
at java.base/jdk.internal.reflect.NativeMethodAccessorImpl.invoke0(Native Method)
at java.base/jdk.internal.reflect.NativeMethodAccessorImpl.invoke(NativeMethodAccessorImpl.java:64)
at java.base/jdk.internal.reflect.DelegatingMethodAccessorImpl.invoke(DelegatingMethodAccessorImpl.java:43)
at java.base/java.lang.reflect.Method.invoke(Method.java:564)
at org.testng.internal.MethodInvocationHelper.invokeMethod(MethodInvocationHelper.java:132)
at org.testng.internal.MethodInvocationHelper.invokeMethodConsideringTimeout(MethodInvocationHelper.java:61)
at org.testng.internal.ConfigInvoker.invokeConfigurationMethod(ConfigInvoker.java:366)
at org.testng.internal.ConfigInvoker.invokeConfigurations(ConfigInvoker.java:320)
at org.testng.internal.TestMethodWorker.invokeBeforeClassMethods(TestMethodWorker.java:176)
at org.testng.internal.TestMethodWorker.run(TestMethodWorker.java:122)
at java.base/java.util.concurrent.ThreadPoolExecutor.runWorker(ThreadPoolExecutor.java:1130)
at java.base/java.util.concurrent.ThreadPoolExecutor$Worker.run(ThreadPoolExecutor.java:630)
at java.base/java.lang.Thread.run(Thread.java:832)
]]>
    </error>
  </testcase> <!-- setUp -->
  <system-out/>
  <testcase classname="multiplewindow.MultipleWindowTest" name="testMultipleWindow" time="0.000">
    <skipped/>
  </testcase> <!-- testMultipleWindow -->
  <system-out/>
</testsuite> <!-- multiplewindow.MultipleWindowTest -->
